Сборка начата 02.07.2016 20:56:30.
     1>Проект "C:\Users\Владислав\Desktop\BNS_Windows_Fixed\BNS_Windows_Fixed\BNS_Windows_Fixed.vcxproj" в узле 2 (целевые объекты Build).
     1>ClCompile:
         C:\Program Files (x86)\Microsoft Visual Studio 12.0\VC\bin\CL.exe /c /I"C:\Users\Владислав\Desktop\BNS_Windows_Fixed\packages\zlib.v120.windesktop.msvcstl.dyn.rt-dyn.1.2.8.8\build\native\include" /ZI /nologo /W3 /WX- /Od /Oy- /D WIN32 /D _DEBUG /D _CONSOLE /D _LIB /D _UNICODE /D UNICODE /Gm /EHsc /RTC1 /MDd /GS /fp:precise /Zc:wchar_t /Zc:forScope /Fo"Debug\\" /Fd"Debug\vc120.pdb" /Gd /TP /analyze- /errorReport:prompt BNS.cpp Solver.cpp
         Solver.cpp
     1>c:\users\владислав\desktop\bns_windows_fixed\bns_windows_fixed\solver.h(117): warning C4244: +=: преобразование "double" в "float", возможна потеря данных
     1>c:\users\владислав\desktop\bns_windows_fixed\bns_windows_fixed\solver.cpp(707): warning C4305: *=: усечение из "double" к "float"
     1>c:\users\владислав\desktop\bns_windows_fixed\bns_windows_fixed\solver.cpp(771): warning C4002: слишком много фактических параметров для макроопределения "reportf"
         BNS.cpp
     1>c:\users\владислав\desktop\bns_windows_fixed\bns_windows_fixed\solver.h(117): warning C4244: +=: преобразование "double" в "float", возможна потеря данных
     1>c:\users\владислав\desktop\bns_windows_fixed\bns_windows_fixed\bns.cpp(97): warning C4018: <=: несоответствие типов со знаком и без знака
     1>c:\users\владислав\desktop\bns_windows_fixed\bns_windows_fixed\bns.cpp(98): warning C4018: <=: несоответствие типов со знаком и без знака
     1>c:\users\владислав\desktop\bns_windows_fixed\bns_windows_fixed\bns.cpp(162): warning C4018: <: несоответствие типов со знаком и без знака
     1>c:\users\владислав\desktop\bns_windows_fixed\bns_windows_fixed\bns.cpp(260): warning C4018: <: несоответствие типов со знаком и без знака
     1>c:\users\владислав\desktop\bns_windows_fixed\bns_windows_fixed\bns.cpp(178): warning C4101: command: неиспользованная локальная переменная
     1>c:\users\владислав\desktop\bns_windows_fixed\bns_windows_fixed\bns.cpp(173): warning C4101: n: неиспользованная локальная переменная
     1>c:\users\владислав\desktop\bns_windows_fixed\bns_windows_fixed\bns.cpp(335): warning C4996: 'fopen': This function or variable may be unsafe. Consider using fopen_s instead. To disable deprecation, use _CRT_SECURE_NO_WARNINGS. See online help for details.
                 c:\program files (x86)\microsoft visual studio 12.0\vc\include\stdio.h(211): см. объявление "fopen"
     1>c:\users\владислав\desktop\bns_windows_fixed\bns_windows_fixed\bns.cpp(345): warning C4996: 'sscanf': This function or variable may be unsafe. Consider using sscanf_s instead. To disable deprecation, use _CRT_SECURE_NO_WARNINGS. See online help for details.
                 c:\program files (x86)\microsoft visual studio 12.0\vc\include\stdio.h(304): см. объявление "sscanf"
     1>c:\users\владислав\desktop\bns_windows_fixed\bns_windows_fixed\bns.cpp(390): warning C4996: 'sscanf': This function or variable may be unsafe. Consider using sscanf_s instead. To disable deprecation, use _CRT_SECURE_NO_WARNINGS. See online help for details.
                 c:\program files (x86)\microsoft visual studio 12.0\vc\include\stdio.h(304): см. объявление "sscanf"
     1>c:\users\владислав\desktop\bns_windows_fixed\bns_windows_fixed\bns.cpp(417): warning C4996: 'sscanf': This function or variable may be unsafe. Consider using sscanf_s instead. To disable deprecation, use _CRT_SECURE_NO_WARNINGS. See online help for details.
                 c:\program files (x86)\microsoft visual studio 12.0\vc\include\stdio.h(304): см. объявление "sscanf"
     1>c:\users\владислав\desktop\bns_windows_fixed\bns_windows_fixed\bns.cpp(441): warning C4996: 'sscanf': This function or variable may be unsafe. Consider using sscanf_s instead. To disable deprecation, use _CRT_SECURE_NO_WARNINGS. See online help for details.
                 c:\program files (x86)\microsoft visual studio 12.0\vc\include\stdio.h(304): см. объявление "sscanf"
     1>c:\users\владислав\desktop\bns_windows_fixed\bns_windows_fixed\bns.cpp(572): warning C4067: непредвиденные лексемы за директивой препроцессора, требуется newline
     1>c:\users\владислав\desktop\bns_windows_fixed\bns_windows_fixed\bns.cpp(324): warning C4101: fp_temp: неиспользованная локальная переменная
     1>c:\users\владислав\desktop\bns_windows_fixed\bns_windows_fixed\bns.cpp(589): warning C4996: 'fopen': This function or variable may be unsafe. Consider using fopen_s instead. To disable deprecation, use _CRT_SECURE_NO_WARNINGS. See online help for details.
                 c:\program files (x86)\microsoft visual studio 12.0\vc\include\stdio.h(211): см. объявление "fopen"
         Создание кода...
       Link:
         C:\Program Files (x86)\Microsoft Visual Studio 12.0\VC\bin\link.exe /ERRORREPORT:PROMPT /OUT:"C:\Users\Владислав\Desktop\BNS_Windows_Fixed\Debug\BNS_Windows_Fixed.exe" /INCREMENTAL /NOLOGO "C:\Users\Владислав\Desktop\BNS_Windows_Fixed\packages\zlib.v120.windesktop.msvcstl.dyn.rt-dyn.1.2.8.8\build\native\..\..\lib\native\v120\windesktop\msvcstl\dyn\rt-dyn\Win32\Debug\zlibd.lib" kernel32.lib user32.lib gdi32.lib winspool.lib comdlg32.lib advapi32.lib shell32.lib ole32.lib oleaut32.lib uuid.lib odbc32.lib odbccp32.lib /MANIFEST /MANIFESTUAC:"level='asInvoker' uiAccess='false'" /manifest:embed /DEBUG /PDB:"C:\Users\Владислав\Desktop\BNS_Windows_Fixed\Debug\BNS_Windows_Fixed.pdb" /SUBSYSTEM:CONSOLE /TLBID:1 /DYNAMICBASE /NXCOMPAT /IMPLIB:"C:\Users\Владислав\Desktop\BNS_Windows_Fixed\Debug\BNS_Windows_Fixed.lib" /MACHINE:X86 Debug\BNS.obj
         Debug\Solver.obj
         BNS_Windows_Fixed.vcxproj -> C:\Users\Владислав\Desktop\BNS_Windows_Fixed\Debug\BNS_Windows_Fixed.exe
     1>Сборка проекта "C:\Users\Владислав\Desktop\BNS_Windows_Fixed\BNS_Windows_Fixed\BNS_Windows_Fixed.vcxproj" завершена (целевые объекты Build).

Сборка успешно завершена.

Затраченное время: 00:00:04.58
